app/build/intermediates/manifest_merge_blame_file/debug/manifest-merger-blame-debug-report.txt
1<?xml version="1.0" encoding="utf-8"?>
2<manifest xmlns:android="http://schemas.android.com/apk/res/android"
3    package="com.android.bala.mvvmretrofit"
4    android:versionCode="1"
5    android:versionName="1.0" >
6
7    <uses-sdk
8        android:minSdkVersion="21"
8-->src/main/AndroidManifest.xml
9        android:targetSdkVersion="29" />
9-->src/main/AndroidManifest.xml
10
11    <uses-permission android:name="android.permission.INTERNET" />
11-->src/main/AndroidManifest.xml:5:5-66
11-->src/main/AndroidManifest.xml:5:22-64
12
13    <application
13-->src/main/AndroidManifest.xml:7:5-33:19
14        android:name="com.android.bala.mvvmretrofit.application.SocialApplication"
14-->src/main/AndroidManifest.xml:8:9-54
15        android:allowBackup="true"
15-->src/main/AndroidManifest.xml:9:9-35
16        android:appComponentFactory="androidx.core.app.CoreComponentFactory"
16-->[androidx.core:core:1.1.0] AndroidManifest.xml:24:18-86
17        android:debuggable="true"
18        android:icon="@mipmap/ic_launcher_round"
18-->src/main/AndroidManifest.xml:11:9-49
19        android:label="@string/app_name"
19-->src/main/AndroidManifest.xml:10:9-41
20        android:roundIcon="@mipmap/ic_launcher_round"
20-->src/main/AndroidManifest.xml:12:9-54
21        android:supportsRtl="true"
21-->src/main/AndroidManifest.xml:13:9-35
22        android:testOnly="true"
23        android:theme="@android:style/Theme.Material.Light.DarkActionBar" >
23-->src/main/AndroidManifest.xml:14:9-74
24        <activity
24-->src/main/AndroidManifest.xml:16:9-22:20
25            android:name="com.android.bala.mvvmretrofit.ui.splashscreen.SplashScreenActivity"
25-->src/main/AndroidManifest.xml:16:19-71
26            android:theme="@style/Splashscreen" >
26-->src/main/AndroidManifest.xml:17:13-48
27            <intent-filter>
27-->src/main/AndroidManifest.xml:18:13-21:29
28                <action android:name="android.intent.action.MAIN" />
28-->src/main/AndroidManifest.xml:19:17-69
28-->src/main/AndroidManifest.xml:19:25-66
29
30                <category android:name="android.intent.category.LAUNCHER" />
30-->src/main/AndroidManifest.xml:20:17-77
30-->src/main/AndroidManifest.xml:20:27-74
31            </intent-filter>
32        </activity>
33        <activity
33-->src/main/AndroidManifest.xml:24:9-25:46
34            android:name="com.android.bala.mvvmretrofit.ui.homescreen.HomeActivity"
34-->src/main/AndroidManifest.xml:24:19-61
35            android:theme="@style/AppTheme" />
35-->src/main/AndroidManifest.xml:25:13-44
36        <activity
36-->src/main/AndroidManifest.xml:27:9-28:46
37            android:name="com.android.bala.mvvmretrofit.ui.commentscreen.CommentsActivity"
37-->src/main/AndroidManifest.xml:27:19-68
38            android:theme="@style/AppTheme" />
38-->src/main/AndroidManifest.xml:28:13-44
39        <activity
39-->src/main/AndroidManifest.xml:30:9-31:46
40            android:name="com.android.bala.mvvmretrofit.ui.photoscreen.PhotosActivity"
40-->src/main/AndroidManifest.xml:30:19-64
41            android:theme="@style/AppTheme" />
41-->src/main/AndroidManifest.xml:31:13-44
42
43        <provider
43-->[com.squareup.picasso:picasso:2.71828] AndroidManifest.xml:8:9-11:40
44            android:name="com.squareup.picasso.PicassoProvider"
44-->[com.squareup.picasso:picasso:2.71828] AndroidManifest.xml:9:13-64
45            android:authorities="com.android.bala.mvvmretrofit.com.squareup.picasso"
45-->[com.squareup.picasso:picasso:2.71828] AndroidManifest.xml:10:13-72
46            android:exported="false" />
46-->[com.squareup.picasso:picasso:2.71828] AndroidManifest.xml:11:13-37
47    </application>
48
49</manifest>